Log file open, 10/24/19 11:18:45
LogWindows: Failed to load 'aqProf.dll' (GetLastError=126)
LogWindows: File 'aqProf.dll' does not exist
LogWindows: Failed to load 'VtuneApi.dll' (GetLastError=126)
LogWindows: File 'VtuneApi.dll' does not exist
LogWindows: Failed to load 'VtuneApi32e.dll' (GetLastError=126)
LogWindows: File 'VtuneApi32e.dll' does not exist
LogConsoleResponse: Display: Failed to find resolution value strings in scalability ini. Falling back to default.
LogInit: Display: Running engine for game: JessiesGirl
LogPakFile: Registered encryption key '00000000000000000000000000000000': 0 pak files mounted, 0 remain pending
LogPlatformFile: Not using cached read wrapper
LogTaskGraph: Started task graph with 5 named threads and 23 total threads with 3 sets of task threads.
LogStats: Stats thread started at 0.280032
LogD3D11RHI: Loaded GFSDK_Aftermath_Lib.x64.dll
LogICUInternationalization: ICU TimeZone Detection - Raw Offset: -7:00, Platform Override: ''
LogPluginManager: Mounting plugin Paper2D
LogPluginManager: Mounting plugin AISupport
LogPluginManager: Mounting plugin LightPropagationVolume
LogPluginManager: Mounting plugin ActorLayerUtilities
LogPluginManager: Mounting plugin AnimationSharing
LogPluginManager: Mounting plugin CLionSourceCodeAccess
LogPluginManager: Mounting plugin CodeLiteSourceCodeAccess
LogPluginManager: Mounting plugin GitSourceControl
LogPluginManager: Mounting plugin KDevelopSourceCodeAccess
LogPluginManager: Mounting plugin NullSourceCodeAccess
LogPluginManager: Mounting plugin PerforceSourceControl
LogPluginManager: Mounting plugin SubversionSourceControl
LogPluginManager: Mounting plugin UObjectPlugin
LogPluginManager: Mounting plugin VisualStudioCodeSourceCodeAccess
LogPluginManager: Mounting plugin VisualStudioSourceCodeAccess
LogPluginManager: Mounting plugin XCodeSourceCodeAccess
LogPluginManager: Mounting plugin AssetManagerEditor
LogPluginManager: Mounting plugin CryptoKeys
LogPluginManager: Mounting plugin DataValidation
LogPluginManager: Mounting plugin FacialAnimation
LogPluginManager: Mounting plugin GameplayTagsEditor
LogPluginManager: Mounting plugin MacGraphicsSwitching
LogPluginManager: Mounting plugin MaterialAnalyzer
LogPluginManager: Mounting plugin MobileLauncherProfileWizard
LogPluginManager: Mounting plugin PluginBrowser
LogPluginManager: Mounting plugin SpeedTreeImporter
LogPluginManager: Mounting plugin DatasmithContent
LogPluginManager: Mounting plugin VariantManagerContent
LogPluginManager: Mounting plugin AlembicImporter
LogPluginManager: Mounting plugin AppleImageUtils
LogPluginManager: Mounting plugin AppleVision
LogPluginManager: Mounting plugin BackChannel
LogPluginManager: Mounting plugin CharacterAI
LogPluginManager: Mounting plugin GeometryCache
LogPluginManager: Mounting plugin HTML5Networking
LogPluginManager: Mounting plugin ProxyLODPlugin
LogPluginManager: Mounting plugin SkeletalReduction
LogPluginManager: Mounting plugin MagicLeap
LogPluginManager: Mounting plugin MagicLeapMedia
LogPluginManager: Mounting plugin AndroidMedia
LogPluginManager: Mounting plugin AvfMedia
LogPluginManager: Mounting plugin ImgMedia
LogPluginManager: Mounting plugin LinearTimecode
LogPluginManager: Mounting plugin MediaCompositing
LogPluginManager: Mounting plugin MediaPlayerEditor
LogPluginManager: Mounting plugin WebMMedia
LogPluginManager: Mounting plugin WmfMedia
LogPluginManager: Mounting plugin TcpMessaging
LogPluginManager: Mounting plugin UdpMessaging
LogPluginManager: Mounting plugin ActorSequence
LogPluginManager: Mounting plugin LevelSequenceEditor
LogPluginManager: Mounting plugin MatineeToLevelSequence
LogPluginManager: Mounting plugin NetcodeUnitTest
LogPluginManager: Mounting plugin NUTUnrealEngine4
LogPluginManager: Mounting plugin OnlineSubsystemGooglePlay
LogPluginManager: Mounting plugin OnlineSubsystemIOS
LogPluginManager: Mounting plugin OnlineSubsystem
LogPluginManager: Mounting plugin OnlineSubsystemNull
LogPluginManager: Mounting plugin OnlineSubsystemUtils
LogPluginManager: Mounting plugin LauncherChunkInstaller
LogPluginManager: Mounting plugin AndroidDeviceProfileSelector
LogPluginManager: Mounting plugin AndroidMoviePlayer
LogPluginManager: Mounting plugin AndroidPermission
LogPluginManager: Mounting plugin AppleMoviePlayer
LogPluginManager: Mounting plugin ArchVisCharacter
LogPluginManager: Mounting plugin AudioCapture
LogPluginManager: Mounting plugin CableComponent
LogPluginManager: Mounting plugin CustomMeshComponent
LogPluginManager: Mounting plugin EditableMesh
LogPluginManager: Mounting plugin ExampleDeviceProfileSelector
LogPluginManager: Mounting plugin Firebase
LogPluginManager: Mounting plugin GoogleCloudMessaging
LogPluginManager: Mounting plugin IOSDeviceProfileSelector
LogPluginManager: Mounting plugin LinuxDeviceProfileSelector
LogPluginManager: Mounting plugin LocationServicesBPLibrary
LogPluginManager: Mounting plugin MobilePatchingUtils
LogPluginManager: Mounting plugin OculusVR
LogPluginManager: Mounting plugin PhysXVehicles
LogPluginManager: Mounting plugin ProceduralMeshComponent
LogPluginManager: Mounting plugin RuntimePhysXCooking
LogPluginManager: Mounting plugin SignificanceManager
LogPluginManager: Mounting plugin SteamVR
LogPluginManager: Mounting plugin WebMMoviePlayer
LogPluginManager: Mounting plugin WindowsMoviePlayer
LogInit: Using libcurl 7.55.1-DEV
LogInit:  - built for x86_64-pc-win32
LogInit:  - supports SSL with OpenSSL/1.1.1
LogInit:  - supports HTTP deflate (compression) using libz 1.2.8
LogInit:  - other features:
LogInit:      CURL_VERSION_SSL
LogInit:      CURL_VERSION_LIBZ
LogInit:      CURL_VERSION_IPV6
LogInit:      CURL_VERSION_ASYNCHDNS
LogInit:      CURL_VERSION_LARGEFILE
LogInit:      CURL_VERSION_IDN
LogInit:  CurlRequestOptions (configurable via config and command line):
LogInit:  - bVerifyPeer = true  - Libcurl will verify peer certificate
LogInit:  - bUseHttpProxy = false  - Libcurl will NOT use HTTP proxy
LogInit:  - bDontReuseConnections = false  - Libcurl will reuse connections
LogInit:  - MaxHostConnections = 16  - Libcurl will limit the number of connections to a host
LogInit:  - LocalHostAddr = Default
LogInit:  - BufferSize = 65536
LogInit: WinSock: version 1.1 (2.2), MaxSocks=32767, MaxUdp=65467
LogInit: Build: ++UE4+Release-4.22-CL-7053642
LogInit: Engine Version: 4.22.3-7053642+++UE4+Release-4.22
LogInit: Compatible Engine Version: 4.22.0-5660361+++UE4+Release-4.22
LogInit: Net CL: 5660361
LogInit: OS: Windows 10 (Release 1903) (), CPU: Intel(R) Core(TM) i7-8809G CPU @ 3.10GHz, GPU: Radeon RX Vega M GH Graphics
LogInit: Compiled (64-bit): Jun 18 2019 03:09:11
LogInit: Compiled with Visual C++: 19.16.27025.01
LogInit: Build Configuration: Development
LogInit: Branch Name: ++UE4+Release-4.22
LogInit: Command Line: 
LogInit: Base Directory: C:/Program Files/Epic Games/UE_4.22/Engine/Binaries/Win64/
LogInit: Installed Engine Build: 1
LogDevObjectVersion: Number of dev versions registered: 23
LogDevObjectVersion:   Dev-Blueprints (B0D832E4-1F89-4F0D-ACCF-7EB736FD4AA2): 10
LogDevObjectVersion:   Dev-Build (E1C64328-A22C-4D53-A36C-8E866417BD8C): 0
LogDevObjectVersion:   Dev-Core (375EC13C-06E4-48FB-B500-84F0262A717E): 3
LogDevObjectVersion:   Dev-Editor (E4B068ED-F494-42E9-A231-DA0B2E46BB41): 30
LogDevObjectVersion:   Dev-Framework (CFFC743F-43B0-4480-9391-14DF171D2073): 35
LogDevObjectVersion:   Dev-Mobile (B02B49B5-BB20-44E9-A304-32B752E40360): 2
LogDevObjectVersion:   Dev-Networking (A4E4105C-59A1-49B5-A7C5-40C4547EDFEE): 0
LogDevObjectVersion:   Dev-Online (39C831C9-5AE6-47DC-9A44-9C173E1C8E7C): 0
LogDevObjectVersion:   Dev-Physics (78F01B33-EBEA-4F98-B9B4-84EACCB95AA2): 0
LogDevObjectVersion:   Dev-Platform (6631380F-2D4D-43E0-8009-CF276956A95A): 0
LogDevObjectVersion:   Dev-Rendering (12F88B9F-8875-4AFC-A67C-D90C383ABD29): 28
LogDevObjectVersion:   Dev-Sequencer (7B5AE74C-D270-4C10-A958-57980B212A5A): 11
LogDevObjectVersion:   Dev-VR (D7296918-1DD6-4BDD-9DE2-64A83CC13884): 2
LogDevObjectVersion:   Dev-LoadTimes (C2A15278-BFE7-4AFE-6C17-90FF531DF755): 1
LogDevObjectVersion:   Private-Geometry (6EACA3D4-40EC-4CC1-B786-8BED09428FC5): 3
LogDevObjectVersion:   Dev-AnimPhys (29E575DD-E0A3-4627-9D10-D276232CDCEA): 17
LogDevObjectVersion:   Dev-Anim (AF43A65D-7FD3-4947-9873-3E8ED9C1BB05): 2
LogDevObjectVersion:   Dev-ReflectionCapture (6B266CEC-1EC7-4B8F-A30B-E4D90942FC07): 1
LogDevObjectVersion:   Dev-Automation (0DF73D61-A23F-47EA-B727-89E90C41499A): 1
LogDevObjectVersion:   FortniteMain (601D1886-AC64-4F84-AA16-D3DE0DEAC7D6): 25
LogDevObjectVersion:   Dev-Enterprise (9DFFBCD6-494F-0158-E221-12823C92A888): 6
LogDevObjectVersion:   Dev-Niagara (F2AED0AC-9AFE-416F-8664-AA7FFA26D6FC): 1
LogDevObjectVersion:   Dev-Destruction (174F1F0B-B4C6-45A5-B13F-2EE8D0FB917D): 2
LogInit: Presizing for max 16777216 objects, including 0 objects not considered by GC, pre-allocating 0 bytes for permanent pool.
LogInit: Object subsystem initialized
LogConfig: Setting CVar [[con.DebugEarlyDefault:1]]
LogConfig: Setting CVar [[r.setres:1280x720]]
[2019.10.24-17.18.45:709][  0]LogConfig: Setting CVar [[r.VSync:0]]
[2019.10.24-17.18.45:709][  0]LogConfig: Setting CVar [[r.RHICmdBypass:0]]
[2019.10.24-17.18.45:709][  0]LogConfig: Applying CVar settings from Section [/Script/Engine.RendererSettings] File [C:/Users/u1001862/Documents/GitHub/JessiesGirl/JessiesGirl/Saved/Config/Windows/Engine.ini]
[2019.10.24-17.18.45:709][  0]LogConfig: Setting CVar [[r.GPUCrashDebugging:0]]
[2019.10.24-17.18.45:709][  0]LogConfig: Setting CVar [[r.DefaultFeature.AutoExposure.ExtendDefaultLuminanceRange:1]]
[2019.10.24-17.18.45:709][  0]LogConfig: Applying CVar settings from Section [/Script/Engine.RendererOverrideSettings] File [C:/Users/u1001862/Documents/GitHub/JessiesGirl/JessiesGirl/Saved/Config/Windows/Engine.ini]
[2019.10.24-17.18.45:709][  0]LogConfig: Applying CVar settings from Section [/Script/Engine.StreamingSettings] File [C:/Users/u1001862/Documents/GitHub/JessiesGirl/JessiesGirl/Saved/Config/Windows/Engine.ini]
[2019.10.24-17.18.45:709][  0]LogConfig: Setting CVar [[s.MinBulkDataSizeForAsyncLoading:131072]]
[2019.10.24-17.18.45:709][  0]LogConfig: Setting CVar [[s.AsyncLoadingThreadEnabled:0]]
[2019.10.24-17.18.45:709][  0]LogConfig: Setting CVar [[s.EventDrivenLoaderEnabled:1]]
[2019.10.24-17.18.45:709][  0]LogConfig: Setting CVar [[s.WarnIfTimeLimitExceeded:0]]
[2019.10.24-17.18.45:709][  0]LogConfig: Setting CVar [[s.TimeLimitExceededMultiplier:1.5]]
[2019.10.24-17.18.45:709][  0]LogConfig: Setting CVar [[s.TimeLimitExceededMinTime:0.005]]
[2019.10.24-17.18.45:709][  0]LogConfig: Setting CVar [[s.UseBackgroundLevelStreaming:1]]
[2019.10.24-17.18.45:709][  0]LogConfig: Setting CVar [[s.PriorityAsyncLoadingExtraTime:15.0]]
[2019.10.24-17.18.45:709][  0]LogConfig: Setting CVar [[s.LevelStreamingActorsUpdateTimeLimit:5.0]]
[2019.10.24-17.18.45:710][  0]LogConfig: Setting CVar [[s.PriorityLevelStreamingActorsUpdateExtraTime:5.0]]
[2019.10.24-17.18.45:710][  0]LogConfig: Setting CVar [[s.LevelStreamingComponentsRegistrationGranularity:10]]
[2019.10.24-17.18.45:710][  0]LogConfig: Setting CVar [[s.UnregisterComponentsTimeLimit:1.0]]
[2019.10.24-17.18.45:710][  0]LogConfig: Setting CVar [[s.LevelStreamingComponentsUnregistrationGranularity:5]]
[2019.10.24-17.18.45:710][  0]LogConfig: Applying CVar settings from Section [/Script/Engine.GarbageCollectionSettings] File [C:/Users/u1001862/Documents/GitHub/JessiesGirl/JessiesGirl/Saved/Config/Windows/Engine.ini]
[2019.10.24-17.18.45:710][  0]LogConfig: Setting CVar [[gc.MaxObjectsNotConsideredByGC:1]]
[2019.10.24-17.18.45:710][  0]LogConfig: Setting CVar [[gc.SizeOfPermanentObjectPool:0]]
[2019.10.24-17.18.45:710][  0]LogConfig: Setting CVar [[gc.FlushStreamingOnGC:0]]
[2019.10.24-17.18.45:710][  0]LogConfig: Setting CVar [[gc.NumRetriesBeforeForcingGC:10]]
[2019.10.24-17.18.45:710][  0]LogConfig: Setting CVar [[gc.AllowParallelGC:1]]
[2019.10.24-17.18.45:710][  0]LogConfig: Setting CVar [[gc.TimeBetweenPurgingPendingKillObjects:61.1]]
[2019.10.24-17.18.45:710][  0]LogConfig: Setting CVar [[gc.MaxObjectsInEditor:16777216]]
[2019.10.24-17.18.45:710][  0]LogConfig: Setting CVar [[gc.IncrementalBeginDestroyEnabled:1]]
[2019.10.24-17.18.45:710][  0]LogConfig: Setting CVar [[gc.CreateGCClusters:1]]
[2019.10.24-17.18.45:710][  0]LogConfig: Setting CVar [[gc.MinGCClusterSize:5]]
[2019.10.24-17.18.45:710][  0]LogConfig: Setting CVar [[gc.ActorClusteringEnabled:0]]
[2019.10.24-17.18.45:710][  0]LogConfig: Setting CVar [[gc.BlueprintClusteringEnabled:0]]
[2019.10.24-17.18.45:710][  0]LogConfig: Setting CVar [[gc.UseDisregardForGCOnDedicatedServers:0]]
[2019.10.24-17.18.45:710][  0]LogConfig: Applying CVar settings from Section [/Script/Engine.NetworkSettings] File [C:/Users/u1001862/Documents/GitHub/JessiesGirl/JessiesGirl/Saved/Config/Windows/Engine.ini]
[2019.10.24-17.18.45:710][  0]LogConfig: Applying CVar settings from Section [/Script/UnrealEd.CookerSettings] File [C:/Users/u1001862/Documents/GitHub/JessiesGirl/JessiesGirl/Saved/Config/Windows/Engine.ini]
[2019.10.24-17.18.45:713][  0]LogConfig: Applying CVar settings from Section [ViewDistanceQuality@3] File [C:/Users/u1001862/Documents/GitHub/JessiesGirl/JessiesGirl/Saved/Config/Windows/Scalability.ini]
[2019.10.24-17.18.45:713][  0]LogConfig: Setting CVar [[r.SkeletalMeshLODBias:0]]
[2019.10.24-17.18.45:713][  0]LogConfig: Setting CVar [[r.ViewDistanceScale:1.0]]
[2019.10.24-17.18.45:713][  0]LogConfig: Applying CVar settings from Section [AntiAliasingQuality@3] File [C:/Users/u1001862/Documents/GitHub/JessiesGirl/JessiesGirl/Saved/Config/Windows/Scalability.ini]
[2019.10.24-17.18.45:713][  0]LogConfig: Setting CVar [[r.PostProcessAAQuality:4]]
[2019.10.24-17.18.45:713][  0]LogConfig: Applying CVar settings from Section [ShadowQuality@3] File [C:/Users/u1001862/Documents/GitHub/JessiesGirl/JessiesGirl/Saved/Config/Windows/Scalability.ini]
[2019.10.24-17.18.45:713][  0]LogConfig: Setting CVar [[r.LightFunctionQuality:1]]
[2019.10.24-17.18.45:713][  0]LogConfig: Setting CVar [[r.ShadowQuality:5]]
[2019.10.24-17.18.45:713][  0]LogConfig: Setting CVar [[r.Shadow.CSM.MaxCascades:10]]
[2019.10.24-17.18.45:713][  0]LogConfig: Setting CVar [[r.Shadow.MaxResolution:2048]]
[2019.10.24-17.18.45:713][  0]LogConfig: Setting CVar [[r.Shadow.MaxCSMResolution:2048]]
[2019.10.24-17.18.45:713][  0]LogConfig: Setting CVar [[r.Shadow.RadiusThreshold:0.01]]
[2019.10.24-17.18.45:713][  0]LogConfig: Setting CVar [[r.Shadow.DistanceScale:1.0]]
[2019.10.24-17.18.45:713][  0]LogConfig: Setting CVar [[r.Shadow.CSM.TransitionScale:1.0]]
[2019.10.24-17.18.45:713][  0]LogConfig: Setting CVar [[r.Shadow.PreShadowResolutionFactor:1.0]]
[2019.10.24-17.18.45:713][  0]LogConfig: Setting CVar [[r.DistanceFieldShadowing:1]]
[2019.10.24-17.18.45:713][  0]LogConfig: Setting CVar [[r.DistanceFieldAO:1]]
[2019.10.24-17.18.45:713][  0]LogConfig: Setting CVar [[r.AOQuality:2]]
[2019.10.24-17.18.45:713][  0]LogConfig: Setting CVar [[r.VolumetricFog:1]]
[2019.10.24-17.18.45:713][  0]LogConfig: Setting CVar [[r.VolumetricFog.GridPixelSize:8]]
[2019.10.24-17.18.45:713][  0]LogConfig: Setting CVar [[r.VolumetricFog.GridSizeZ:128]]
[2019.10.24-17.18.45:713][  0]LogConfig: Setting CVar [[r.VolumetricFog.HistoryMissSupersampleCount:4]]
[2019.10.24-17.18.45:713][  0]LogConfig: Setting CVar [[r.LightMaxDrawDistanceScale:1]]
[2019.10.24-17.18.45:713][  0]LogConfig: Setting CVar [[r.CapsuleShadows:1]]
[2019.10.24-17.18.45:713][  0]LogConfig: Applying CVar settings from Section [PostProcessQuality@3] File [C:/Users/u1001862/Documents/GitHub/JessiesGirl/JessiesGirl/Saved/Config/Windows/Scalability.ini]
[2019.10.24-17.18.45:713][  0]LogConfig: Setting CVar [[r.MotionBlurQuality:4]]
[2019.10.24-17.18.45:713][  0]LogConfig: Setting CVar [[r.AmbientOcclusionMipLevelFactor:0.4]]
[2019.10.24-17.18.45:713][  0]LogConfig: Setting CVar [[r.AmbientOcclusionMaxQuality:100]]
[2019.10.24-17.18.45:713][  0]LogConfig: Setting CVar [[r.AmbientOcclusionLevels:-1]]
[2019.10.24-17.18.45:713][  0]LogConfig: Setting CVar [[r.AmbientOcclusionRadiusScale:1.0]]
[2019.10.24-17.18.45:713][  0]LogConfig: Setting CVar [[r.DepthOfFieldQuality:2]]
[2019.10.24-17.18.45:713][  0]LogConfig: Setting CVar [[r.RenderTargetPoolMin:400]]
[2019.10.24-17.18.45:713][  0]LogConfig: Setting CVar [[r.LensFlareQuality:2]]
[2019.10.24-17.18.45:713][  0]LogConfig: Setting CVar [[r.SceneColorFringeQuality:1]]
[2019.10.24-17.18.45:713][  0]LogConfig: Setting CVar [[r.EyeAdaptationQuality:2]]
[2019.10.24-17.18.45:713][  0]LogConfig: Setting CVar [[r.BloomQuality:5]]
[2019.10.24-17.18.45:713][  0]LogConfig: Setting CVar [[r.FastBlurThreshold:100]]
[2019.10.24-17.18.45:713][  0]LogConfig: Setting CVar [[r.Upscale.Quality:3]]
[2019.10.24-17.18.45:713][  0]LogConfig: Setting CVar [[r.Tonemapper.GrainQuantization:1]]
[2019.10.24-17.18.45:713][  0]LogConfig: Setting CVar [[r.LightShaftQuality:1]]
[2019.10.24-17.18.45:713][  0]LogConfig: Setting CVar [[r.Filter.SizeScale:1]]
[2019.10.24-17.18.45:713][  0]LogConfig: Setting CVar [[r.Tonemapper.Quality:5]]
[2019.10.24-17.18.45:713][  0]LogConfig: Setting CVar [[r.DOF.Gather.AccumulatorQuality:1        ; higher gathering accumulator quality]]
[2019.10.24-17.18.45:713][  0]LogConfig: Setting CVar [[r.DOF.Gather.PostfilterMethod:1          ; Median3x3 postfilering method]]
[2019.10.24-17.18.45:713][  0]LogConfig: Setting CVar [[r.DOF.Gather.EnableBokehSettings:0       ; no bokeh simulation when gathering]]
[2019.10.24-17.18.45:713][  0]LogConfig: Setting CVar [[r.DOF.Gather.RingCount:4                 ; medium number of samples when gathering]]
[2019.10.24-17.18.45:713][  0]LogConfig: Setting CVar [[r.DOF.Scatter.ForegroundCompositing:1    ; additive foreground scattering]]
[2019.10.24-17.18.45:713][  0]LogConfig: Setting CVar [[r.DOF.Scatter.BackgroundCompositing:2    ; additive background scattering]]
[2019.10.24-17.18.45:713][  0]LogConfig: Setting CVar [[r.DOF.Scatter.EnableBokehSettings:1      ; bokeh simulation when scattering]]
[2019.10.24-17.18.45:714][  0]LogConfig: Setting CVar [[r.DOF.Scatter.MaxSpriteRatio:0.1         ; only a maximum of 10% of scattered bokeh]]
[2019.10.24-17.18.45:714][  0]LogConfig: Setting CVar [[r.DOF.Recombine.Quality:1                ; cheap slight out of focus]]
[2019.10.24-17.18.45:714][  0]LogConfig: Setting CVar [[r.DOF.Recombine.EnableBokehSettings:0    ; no bokeh simulation on slight out of focus]]
[2019.10.24-17.18.45:714][  0]LogConfig: Setting CVar [[r.DOF.TemporalAAQuality:1                ; more stable temporal accumulation]]
[2019.10.24-17.18.45:714][  0]LogConfig: Setting CVar [[r.DOF.Kernel.MaxForegroundRadius:0.025]]
[2019.10.24-17.18.45:714][  0]LogConfig: Setting CVar [[r.DOF.Kernel.MaxBackgroundRadius:0.025]]
[2019.10.24-17.18.45:714][  0]LogConfig: Applying CVar settings from Section [TextureQuality@3] File [C:/Users/u1001862/Documents/GitHub/JessiesGirl/JessiesGirl/Saved/Config/Windows/Scalability.ini]
[2019.10.24-17.18.45:714][  0]LogConfig: Setting CVar [[r.Streaming.MipBias:0]]
[2019.10.24-17.18.45:714][  0]LogConfig: Setting CVar [[r.Streaming.AmortizeCPUToGPUCopy:0]]
[2019.10.24-17.18.45:714][  0]LogConfig: Setting CVar [[r.Streaming.MaxNumTexturesToStreamPerFrame:0]]
[2019.10.24-17.18.45:714][  0]LogConfig: Setting CVar [[r.Streaming.Boost:1]]
[2019.10.24-17.18.45:714][  0]LogConfig: Setting CVar [[r.MaxAnisotropy:8]]
[2019.10.24-17.18.45:714][  0]LogConfig: Setting CVar [[r.Streaming.LimitPoolSizeToVRAM:0]]
[2019.10.24-17.18.45:714][  0]LogConfig: Setting CVar [[r.Streaming.PoolSize:1000]]
[2019.10.24-17.18.45:714][  0]LogConfig: Setting CVar [[r.Streaming.MaxEffectiveScreenSize:0]]
[2019.10.24-17.18.45:714][  0]LogConfig: Applying CVar settings from Section [EffectsQuality@3] File [C:/Users/u1001862/Documents/GitHub/JessiesGirl/JessiesGirl/Saved/Config/Windows/Scalability.ini]
[2019.10.24-17.18.45:714][  0]LogConfig: Setting CVar [[r.TranslucencyLightingVolumeDim:64]]
[2019.10.24-17.18.45:714][  0]LogConfig: Setting CVar [[r.RefractionQuality:2]]
[2019.10.24-17.18.45:714][  0]LogConfig: Setting CVar [[r.SSR.Quality:3]]
[2019.10.24-17.18.45:714][  0]LogConfig: Setting CVar [[r.SceneColorFormat:4]]
[2019.10.24-17.18.45:714][  0]LogConfig: Setting CVar [[r.DetailMode:2]]
[2019.10.24-17.18.45:714][  0]LogConfig: Setting CVar [[r.TranslucencyVolumeBlur:1]]
[2019.10.24-17.18.45:714][  0]LogConfig: Setting CVar [[r.MaterialQualityLevel:1 ; High quality]]
[2019.10.24-17.18.45:714][  0]LogConfig: Setting CVar [[r.SSS.Scale:1]]
[2019.10.24-17.18.45:714][  0]LogConfig: Setting CVar [[r.SSS.SampleSet:2]]
[2019.10.24-17.18.45:714][  0]LogConfig: Setting CVar [[r.SSS.Quality:1]]
[2019.10.24-17.18.45:714][  0]LogConfig: Setting CVar [[r.SSS.HalfRes:1]]
[2019.10.24-17.18.45:714][  0]LogConfig: Setting CVar [[r.EmitterSpawnRateScale:1.0]]
[2019.10.24-17.18.45:714][  0]LogConfig: Setting CVar [[r.ParticleLightQuality:2]]
[2019.10.24-17.18.45:714][  0]LogConfig: Applying CVar settings from Section [FoliageQuality@3] File [C:/Users/u1001862/Documents/GitHub/JessiesGirl/JessiesGirl/Saved/Config/Windows/Scalability.ini]
[2019.10.24-17.18.45:714][  0]LogConfig: Setting CVar [[foliage.DensityScale:1.0]]
[2019.10.24-17.18.45:714][  0]LogConfig: Setting CVar [[grass.DensityScale:1.0]]
[2019.10.24-17.18.45:714][  0]LogInit: Selected Device Profile: [Windows]
[2019.10.24-17.18.45:714][  0]LogInit: Applying CVar settings loaded from the selected device profile: [Windows]
[2019.10.24-17.18.45:726][  0]LogHAL: Display: Platform has ~ 16 GB [17094848512 / 17179869184 / 16], which maps to Larger [LargestMinGB=32, LargerMinGB=12, DefaultMinGB=8, SmallerMinGB=6, SmallestMinGB=0)
[2019.10.24-17.18.45:726][  0]LogConfig: Setting CVar [[r.Vulkan.UseRealUBs:0		; Required until we fix HLR fall-out]]
[2019.10.24-17.18.45:726][  0]LogInit: Going up to parent DeviceProfile []
[2019.10.24-17.18.45:726][  0]LogConfig: Applying CVar settings from Section [ViewDistanceQuality@3] File [C:/Users/u1001862/Documents/GitHub/JessiesGirl/JessiesGirl/Saved/Config/Windows/Scalability.ini]
[2019.10.24-17.18.45:726][  0]LogConfig: Setting CVar [[r.SkeletalMeshLODBias:0]]
[2019.10.24-17.18.45:726][  0]LogConfig: Setting CVar [[r.ViewDistanceScale:1.0]]
[2019.10.24-17.18.45:726][  0]LogConfig: Applying CVar settings from Section [AntiAliasingQuality@3] File [C:/Users/u1001862/Documents/GitHub/JessiesGirl/JessiesGirl/Saved/Config/Windows/Scalability.ini]
[2019.10.24-17.18.45:726][  0]LogConfig: Setting CVar [[r.PostProcessAAQuality:4]]
[2019.10.24-17.18.45:726][  0]LogConfig: Applying CVar settings from Section [ShadowQuality@3] File [C:/Users/u1001862/Documents/GitHub/JessiesGirl/JessiesGirl/Saved/Config/Windows/Scalability.ini]
[2019.10.24-17.18.45:726][  0]LogConfig: Setting CVar [[r.LightFunctionQuality:1]]
[2019.10.24-17.18.45:726][  0]LogConfig: Setting CVar [[r.ShadowQuality:5]]
[2019.10.24-17.18.45:726][  0]LogConfig: Setting CVar [[r.Shadow.CSM.MaxCascades:10]]
[2019.10.24-17.18.45:726][  0]LogConfig: Setting CVar [[r.Shadow.MaxResolution:2048]]
[2019.10.24-17.18.45:726][  0]LogConfig: Setting CVar [[r.Shadow.MaxCSMResolution:2048]]
[2019.10.24-17.18.45:726][  0]LogConfig: Setting CVar [[r.Shadow.RadiusThreshold:0.01]]
[2019.10.24-17.18.45:726][  0]LogConfig: Setting CVar [[r.Shadow.DistanceScale:1.0]]
[2019.10.24-17.18.45:726][  0]LogConfig: Setting CVar [[r.Shadow.CSM.TransitionScale:1.0]]
[2019.10.24-17.18.45:726][  0]LogConfig: Setting CVar [[r.Shadow.PreShadowResolutionFactor:1.0]]
[2019.10.24-17.18.45:726][  0]LogConfig: Setting CVar [[r.DistanceFieldShadowing:1]]
[2019.10.24-17.18.45:726][  0]LogConfig: Setting CVar [[r.DistanceFieldAO:1]]
[2019.10.24-17.18.45:726][  0]LogConfig: Setting CVar [[r.AOQuality:2]]
[2019.10.24-17.18.45:726][  0]LogConfig: Setting CVar [[r.VolumetricFog:1]]
[2019.10.24-17.18.45:726][  0]LogConfig: Setting CVar [[r.VolumetricFog.GridPixelSize:8]]
[2019.10.24-17.18.45:726][  0]LogConfig: Setting CVar [[r.VolumetricFog.GridSizeZ:128]]
[2019.10.24-17.18.45:726][  0]LogConfig: Setting CVar [[r.VolumetricFog.HistoryMissSupersampleCount:4]]
[2019.10.24-17.18.45:726][  0]LogConfig: Setting CVar [[r.LightMaxDrawDistanceScale:1]]
[2019.10.24-17.18.45:726][  0]LogConfig: Setting CVar [[r.CapsuleShadows:1]]
[2019.10.24-17.18.45:726][  0]LogConfig: Applying CVar settings from Section [PostProcessQuality@3] File [C:/Users/u1001862/Documents/GitHub/JessiesGirl/JessiesGirl/Saved/Config/Windows/Scalability.ini]
[2019.10.24-17.18.45:726][  0]LogConfig: Setting CVar [[r.MotionBlurQuality:4]]
[2019.10.24-17.18.45:726][  0]LogConfig: Setting CVar [[r.AmbientOcclusionMipLevelFactor:0.4]]
[2019.10.24-17.18.45:726][  0]LogConfig: Setting CVar [[r.AmbientOcclusionMaxQuality:100]]
[2019.10.24-17.18.45:726][  0]LogConfig: Setting CVar [[r.AmbientOcclusionLevels:-1]]
[2019.10.24-17.18.45:726][  0]LogConfig: Setting CVar [[r.AmbientOcclusionRadiusScale:1.0]]
[2019.10.24-17.18.45:726][  0]LogConfig: Setting CVar [[r.DepthOfFieldQuality:2]]
[2019.10.24-17.18.45:726][  0]LogConfig: Setting CVar [[r.RenderTargetPoolMin:400]]
[2019.10.24-17.18.45:726][  0]LogConfig: Setting CVar [[r.LensFlareQuality:2]]
[2019.10.24-17.18.45:726][  0]LogConfig: Setting CVar [[r.SceneColorFringeQuality:1]]
[2019.10.24-17.18.45:726][  0]LogConfig: Setting CVar [[r.EyeAdaptationQuality:2]]
[2019.10.24-17.18.45:726][  0]LogConfig: Setting CVar [[r.BloomQuality:5]]
[2019.10.24-17.18.45:726][  0]LogConfig: Setting CVar [[r.FastBlurThreshold:100]]
[2019.10.24-17.18.45:726][  0]LogConfig: Setting CVar [[r.Upscale.Quality:3]]
[2019.10.24-17.18.45:726][  0]LogConfig: Setting CVar [[r.Tonemapper.GrainQuantization:1]]
[2019.10.24-17.18.45:726][  0]LogConfig: Setting CVar [[r.LightShaftQuality:1]]
[2019.10.24-17.18.45:726][  0]LogConfig: Setting CVar [[r.Filter.SizeScale:1]]
[2019.10.24-17.18.45:726][  0]LogConfig: Setting CVar [[r.Tonemapper.Quality:5]]
[2019.10.24-17.18.45:726][  0]LogConfig: Setting CVar [[r.DOF.Gather.AccumulatorQuality:1        ; higher gathering accumulator quality]]
[2019.10.24-17.18.45:726][  0]LogConfig: Setting CVar [[r.DOF.Gather.PostfilterMethod:1          ; Median3x3 postfilering method]]
[2019.10.24-17.18.45:726][  0]LogConfig: Setting CVar [[r.DOF.Gather.EnableBokehSettings:0       ; no bokeh simulation when gathering]]
[2019.10.24-17.18.45:726][  0]LogConfig: Setting CVar [[r.DOF.Gather.RingCount:4                 ; medium number of samples when gathering]]
[2019.10.24-17.18.45:726][  0]LogConfig: Setting CVar [[r.DOF.Scatter.ForegroundCompositing:1    ; additive foreground scattering]]
[2019.10.24-17.18.45:726][  0]LogConfig: Setting CVar [[r.DOF.Scatter.BackgroundCompositing:2    ; additive background scattering]]
[2019.10.24-17.18.45:726][  0]LogConfig: Setting CVar [[r.DOF.Scatter.EnableBokehSettings:1      ; bokeh simulation when scattering]]
[2019.10.24-17.18.45:726][  0]LogConfig: Setting CVar [[r.DOF.Scatter.MaxSpriteRatio:0.1         ; only a maximum of 10% of scattered bokeh]]
[2019.10.24-17.18.45:726][  0]LogConfig: Setting CVar [[r.DOF.Recombine.Quality:1                ; cheap slight out of focus]]
[2019.10.24-17.18.45:726][  0]LogConfig: Setting CVar [[r.DOF.Recombine.EnableBokehSettings:0    ; no bokeh simulation on slight out of focus]]
[2019.10.24-17.18.45:726][  0]LogConfig: Setting CVar [[r.DOF.TemporalAAQuality:1                ; more stable temporal accumulation]]
[2019.10.24-17.18.45:726][  0]LogConfig: Setting CVar [[r.DOF.Kernel.MaxForegroundRadius:0.025]]
[2019.10.24-17.18.45:726][  0]LogConfig: Setting CVar [[r.DOF.Kernel.MaxBackgroundRadius:0.025]]
[2019.10.24-17.18.45:726][  0]LogConfig: Applying CVar settings from Section [TextureQuality@3] File [C:/Users/u1001862/Documents/GitHub/JessiesGirl/JessiesGirl/Saved/Config/Windows/Scalability.ini]
[2019.10.24-17.18.45:726][  0]LogConfig: Setting CVar [[r.Streaming.MipBias:0]]
[2019.10.24-17.18.45:726][  0]LogConfig: Setting CVar [[r.Streaming.AmortizeCPUToGPUCopy:0]]
[2019.10.24-17.18.45:726][  0]LogConfig: Setting CVar [[r.Streaming.MaxNumTexturesToStreamPerFrame:0]]
[2019.10.24-17.18.45:727][  0]LogConfig: Setting CVar [[r.Streaming.Boost:1]]
[2019.10.24-17.18.45:727][  0]LogConfig: Setting CVar [[r.MaxAnisotropy:8]]
[2019.10.24-17.18.45:727][  0]LogConfig: Setting CVar [[r.Streaming.LimitPoolSizeToVRAM:0]]
[2019.10.24-17.18.45:727][  0]LogConfig: Setting CVar [[r.Streaming.PoolSize:1000]]
[2019.10.24-17.18.45:727][  0]LogConfig: Setting CVar [[r.Streaming.MaxEffectiveScreenSize:0]]
[2019.10.24-17.18.45:727][  0]LogConfig: Applying CVar settings from Section [EffectsQuality@3] File [C:/Users/u1001862/Documents/GitHub/JessiesGirl/JessiesGirl/Saved/Config/Windows/Scalability.ini]
[2019.10.24-17.18.45:727][  0]LogConfig: Setting CVar [[r.TranslucencyLightingVolumeDim:64]]
[2019.10.24-17.18.45:727][  0]LogConfig: Setting CVar [[r.RefractionQuality:2]]
[2019.10.24-17.18.45:727][  0]LogConfig: Setting CVar [[r.SSR.Quality:3]]
[2019.10.24-17.18.45:727][  0]LogConfig: Setting CVar [[r.SceneColorFormat:4]]
[2019.10.24-17.18.45:727][  0]LogConfig: Setting CVar [[r.DetailMode:2]]
[2019.10.24-17.18.45:727][  0]LogConfig: Setting CVar [[r.TranslucencyVolumeBlur:1]]
[2019.10.24-17.18.45:727][  0]LogConfig: Setting CVar [[r.MaterialQualityLevel:1 ; High quality]]
[2019.10.24-17.18.45:727][  0]LogConfig: Setting CVar [[r.SSS.Scale:1]]
[2019.10.24-17.18.45:727][  0]LogConfig: Setting CVar [[r.SSS.SampleSet:2]]
[2019.10.24-17.18.45:727][  0]LogConfig: Setting CVar [[r.SSS.Quality:1]]
[2019.10.24-17.18.45:727][  0]LogConfig: Setting CVar [[r.SSS.HalfRes:1]]
[2019.10.24-17.18.45:727][  0]LogConfig: Setting CVar [[r.EmitterSpawnRateScale:1.0]]
[2019.10.24-17.18.45:727][  0]LogConfig: Setting CVar [[r.ParticleLightQuality:2]]
[2019.10.24-17.18.45:727][  0]LogConfig: Applying CVar settings from Section [FoliageQuality@3] File [C:/Users/u1001862/Documents/GitHub/JessiesGirl/JessiesGirl/Saved/Config/Windows/Scalability.ini]
[2019.10.24-17.18.45:727][  0]LogConfig: Setting CVar [[foliage.DensityScale:1.0]]
[2019.10.24-17.18.45:727][  0]LogConfig: Setting CVar [[grass.DensityScale:1.0]]
[2019.10.24-17.18.45:727][  0]LogConfig: Applying CVar settings from Section [Startup] File [../../../Engine/Config/ConsoleVariables.ini]
[2019.10.24-17.18.45:727][  0]LogConfig: Setting CVar [[net.UseAdaptiveNetUpdateFrequency:0]]
[2019.10.24-17.18.45:727][  0]LogConfig: Setting CVar [[p.chaos.AllowCreatePhysxBodies:1]]
[2019.10.24-17.18.45:727][  0]LogConfig: Applying CVar settings from Section [ConsoleVariables] File [C:/Users/u1001862/Documents/GitHub/JessiesGirl/JessiesGirl/Saved/Config/Windows/Engine.ini]
[2019.10.24-17.18.45:727][  0]LogInit: Computer: eae-n-054
[2019.10.24-17.18.45:727][  0]LogInit: User: u1001862
[2019.10.24-17.18.45:727][  0]LogInit: CPU Page size=4096, Cores=4
[2019.10.24-17.18.45:727][  0]LogInit: High frequency timer resolution =10.000000 MHz
[2019.10.24-17.18.45:727][  0]LogMemory: Memory total: Physical=15.9GB (16GB approx)
[2019.10.24-17.18.45:727][  0]LogMemory: Platform Memory Stats for Windows
[2019.10.24-17.18.45:727][  0]LogMemory: Process Physical Memory: 97.97 MB used, 97.97 MB peak
[2019.10.24-17.18.45:727][  0]LogMemory: Process Virtual Memory: 89.00 MB used, 89.00 MB peak
[2019.10.24-17.18.45:727][  0]LogMemory: Physical Memory: 9027.98 MB used,  7274.94 MB free, 16302.92 MB total
[2019.10.24-17.18.45:727][  0]LogMemory: Virtual Memory: 4642.14 MB used,  134213088.00 MB free, 134217728.00 MB total
[2019.10.24-17.18.45:745][  0]LogInit: Using OS detected language (en-US).
[2019.10.24-17.18.45:745][  0]LogInit: Using OS detected locale (en-US).
[2019.10.24-17.18.45:746][  0]LogTextLocalizationManager: No specific localization for 'en-US' exists, so the 'en' localization will be used.
[2019.10.24-17.18.45:888][  0]LogInit: Setting process to per monitor DPI aware
[2019.10.24-17.18.45:927][  0]LogSlate: New Slate User Created.  User Index 0, Is Virtual User: 0
[2019.10.24-17.18.45:927][  0]LogSlate: Slate User Registered.  User Index 0, Is Virtual User: 0
[2019.10.24-17.18.46:088][  0]LogHMD: Failed to initialize OpenVR with code 110
[2019.10.24-17.18.46:088][  0]LogD3D11RHI: D3D11 adapters:
[2019.10.24-17.18.46:119][  0]LogD3D11RHI:    0. 'Radeon RX Vega M GH Graphics' (Feature Level 11_0)
[2019.10.24-17.18.46:119][  0]LogD3D11RHI:       4042/0/8151 MB DedicatedVideo/DedicatedSystem/SharedSystem, Outputs:1, VendorId:0x1002
[2019.10.24-17.18.46:144][  0]LogD3D11RHI:    1. 'Intel(R) HD Graphics 630' (Feature Level 11_0)
[2019.10.24-17.18.46:144][  0]LogD3D11RHI:       128/0/8151 MB DedicatedVideo/DedicatedSystem/SharedSystem, Outputs:0, VendorId:0x8086
[2019.10.24-17.18.46:146][  0]LogD3D11RHI:    2. 'Microsoft Basic Render Driver' (Feature Level 11_0)
[2019.10.24-17.18.46:146][  0]LogD3D11RHI:       0/0/8151 MB DedicatedVideo/DedicatedSystem/SharedSystem, Outputs:0, VendorId:0x1414
[2019.10.24-17.18.46:146][  0]LogD3D11RHI: Chosen D3D11 Adapter: 0
[2019.10.24-17.18.46:161][  0]LogD3D11RHI: Creating new Direct3DDevice
[2019.10.24-17.18.46:161][  0]LogD3D11RHI:     GPU DeviceId: 0x694c (for the marketing name, search the web for "GPU Device Id")
[2019.10.24-17.18.46:161][  0]LogWindows: EnumDisplayDevices:
[2019.10.24-17.18.46:161][  0]LogWindows:    0. 'Radeon RX Vega M GH Graphics' (P:1 D:1)
[2019.10.24-17.18.46:162][  0]LogWindows:    1. 'Radeon RX Vega M GH Graphics' (P:0 D:0)
[2019.10.24-17.18.46:162][  0]LogWindows:    2. 'Radeon RX Vega M GH Graphics' (P:0 D:0)
[2019.10.24-17.18.46:162][  0]LogWindows:    3. 'Radeon RX Vega M GH Graphics' (P:0 D:0)
[2019.10.24-17.18.46:162][  0]LogWindows:    4. 'Radeon RX Vega M GH Graphics' (P:0 D:0)
[2019.10.24-17.18.46:163][  0]LogWindows:    5. 'Radeon RX Vega M GH Graphics' (P:0 D:0)
[2019.10.24-17.18.46:163][  0]LogWindows:    6. 'Radeon RX Vega M GH Graphics' (P:0 D:0)
[2019.10.24-17.18.46:163][  0]LogWindows:    7. 'Radeon RX Vega M GH Graphics' (P:0 D:0)
[2019.10.24-17.18.46:164][  0]LogWindows:    8. 'Intel(R) HD Graphics 630' (P:0 D:0)
[2019.10.24-17.18.46:164][  0]LogWindows:    9. 'Intel(R) HD Graphics 630' (P:0 D:0)
[2019.10.24-17.18.46:164][  0]LogWindows: DebugString: PrimaryIsNotTheChoosenAdapter PrimaryIsNotTheChoosenAdapter FoundDriverCount:8 
[2019.10.24-17.18.46:164][  0]LogD3D11RHI:     Adapter Name: Radeon RX Vega M GH Graphics
[2019.10.24-17.18.46:164][  0]LogD3D11RHI:   Driver Version: Adrenalin 18.50.06 (internal:25.20.15006.9, unified:25.20.15006.9)
[2019.10.24-17.18.46:164][  0]LogD3D11RHI:      Driver Date: 12-18-2018
[2019.10.24-17.18.46:164][  0]LogRHI: Texture pool is 2829 MB (70% of 4042 MB)
[2019.10.24-17.18.46:252][  0]LogD3D11RHI: Async texture creation enabled
[2019.10.24-17.18.46:256][  0]LogRendererCore: FGlobalReadBuffer::InitRHI
[2019.10.24-17.18.46:257][  0]LogRendererCore: FGlobalReadBuffer::InitRHI
[2019.10.24-17.18.46:257][  0]LogRendererCore: FGlobalReadBuffer::InitRHI
[2019.10.24-17.18.46:264][  0]LogD3D11RHI: GPU Timing Frequency: 25.000000 (Debug: 2 1)
[2019.10.24-17.18.46:570][  0]LogTemp: Display: Module 'AllDesktopTargetPlatform' loaded TargetPlatform 'AllDesktop'
[2019.10.24-17.18.46:582][  0]LogTemp: Display: Module 'MacClientTargetPlatform' loaded TargetPlatform 'MacClient'
[2019.10.24-17.18.46:594][  0]LogTemp: Display: Module 'MacNoEditorTargetPlatform' loaded TargetPlatform 'MacNoEditor'
[2019.10.24-17.18.46:609][  0]LogTemp: Display: Module 'MacServerTargetPlatform' loaded TargetPlatform 'MacServer'
[2019.10.24-17.18.46:622][  0]LogTemp: Display: Module 'MacTargetPlatform' loaded TargetPlatform 'Mac'
[2019.10.24-17.18.46:637][  0]LogTemp: Display: Module 'WindowsClientTargetPlatform' loaded TargetPlatform 'WindowsClient'
[2019.10.24-17.18.46:652][  0]LogTemp: Display: Module 'WindowsNoEditorTargetPlatform' loaded TargetPlatform 'WindowsNoEditor'
[2019.10.24-17.18.46:664][  0]LogTemp: Display: Module 'WindowsServerTargetPlatform' loaded TargetPlatform 'WindowsServer'
[2019.10.24-17.18.46:671][  0]LogTemp: Display: Module 'WindowsTargetPlatform' loaded TargetPlatform 'Windows'
[2019.10.24-17.18.46:748][  0]LogTemp: Display: Module 'AndroidTargetPlatform' loaded TargetPlatform 'Android'
[2019.10.24-17.18.46:748][  0]LogTemp: Display: Module 'AndroidTargetPlatform' loaded TargetPlatform 'Android_ASTC'
[2019.10.24-17.18.46:748][  0]LogTemp: Display: Module 'AndroidTargetPlatform' loaded TargetPlatform 'Android_ATC'
[2019.10.24-17.18.46:748][  0]LogTemp: Display: Module 'AndroidTargetPlatform' loaded TargetPlatform 'Android_DXT'
[2019.10.24-17.18.46:748][  0]LogTemp: Display: Module 'AndroidTargetPlatform' loaded TargetPlatform 'Android_ETC1'
[2019.10.24-17.18.46:748][  0]LogTemp: Display: Module 'AndroidTargetPlatform' loaded TargetPlatform 'Android_ETC1a'
[2019.10.24-17.18.46:748][  0]LogTemp: Display: Module 'AndroidTargetPlatform' loaded TargetPlatform 'Android_ETC2'
[2019.10.24-17.18.46:748][  0]LogTemp: Display: Module 'AndroidTargetPlatform' loaded TargetPlatform 'Android_PVRTC'
[2019.10.24-17.18.46:748][  0]LogTemp: Display: Module 'AndroidTargetPlatform' loaded TargetPlatform 'AndroidClient'
[2019.10.24-17.18.46:748][  0]LogTemp: Display: Module 'AndroidTargetPlatform' loaded TargetPlatform 'Android_ASTCClient'
[2019.10.24-17.18.46:748][  0]LogTemp: Display: Module 'AndroidTargetPlatform' loaded TargetPlatform 'Android_ATCClient'
[2019.10.24-17.18.46:748][  0]LogTemp: Display: Module 'AndroidTargetPlatform' loaded TargetPlatform 'Android_DXTClient'
[2019.10.24-17.18.46:748][  0]LogTemp: Display: Module 'AndroidTargetPlatform' loaded TargetPlatform 'Android_ETC1Client'
[2019.10.24-17.18.46:748][  0]LogTemp: Display: Module 'AndroidTargetPlatform' loaded TargetPlatform 'Android_ETC1aClient'
[2019.10.24-17.18.46:748][  0]LogTemp: Display: Module 'AndroidTargetPlatform' loaded TargetPlatform 'Android_ETC2Client'
[2019.10.24-17.18.46:748][  0]LogTemp: Display: Module 'AndroidTargetPlatform' loaded TargetPlatform 'Android_PVRTCClient'
[2019.10.24-17.18.46:748][  0]LogTemp: Display: Module 'AndroidTargetPlatform' loaded TargetPlatform 'Android_Multi'
[2019.10.24-17.18.46:748][  0]LogTemp: Display: Module 'AndroidTargetPlatform' loaded TargetPlatform 'Android_MultiClient'
[2019.10.24-17.18.46:750][  0]LogTemp: Display: Module 'HTML5TargetPlatform' loaded TargetPlatform 'HTML5'
[2019.10.24-17.18.46:796][  0]LogTemp: Display: Module 'IOSTargetPlatform' loaded TargetPlatform 'IOSClient'
[2019.10.24-17.18.46:796][  0]LogTemp: Display: Module 'IOSTargetPlatform' loaded TargetPlatform 'IOS'
[2019.10.24-17.18.46:819][  0]LogTemp: Display: Module 'TVOSTargetPlatform' loaded TargetPlatform 'TVOSClient'
[2019.10.24-17.18.46:819][  0]LogTemp: Display: Module 'TVOSTargetPlatform' loaded TargetPlatform 'TVOS'
[2019.10.24-17.18.46:833][  0]LogTemp: Display: Module 'LinuxClientTargetPlatform' loaded TargetPlatform 'LinuxClient'
[2019.10.24-17.18.46:845][  0]LogTemp: Display: Module 'LinuxNoEditorTargetPlatform' loaded TargetPlatform 'LinuxNoEditor'
[2019.10.24-17.18.46:857][  0]LogTemp: Display: Module 'LinuxServerTargetPlatform' loaded TargetPlatform 'LinuxServer'
[2019.10.24-17.18.46:870][  0]LogTemp: Display: Module 'LinuxTargetPlatform' loaded TargetPlatform 'Linux'
[2019.10.24-17.18.46:909][  0]LogTemp: Display: Module 'LuminTargetPlatform' loaded TargetPlatform 'Lumin'
[2019.10.24-17.18.46:909][  0]LogTemp: Display: Module 'LuminTargetPlatform' loaded TargetPlatform 'LuminClient'
[2019.10.24-17.18.46:910][  0]LogTargetPlatformManager: Display: Building Assets For Windows
[2019.10.24-17.18.46:918][  0]LogAudioDebug: Display: Lib vorbis DLL was dynamically loaded.
[2019.10.24-17.18.46:966][  0]LogShaderCompilers: Guid format shader working directory is -25 characters bigger than the processId version (../../../../../../Users/u1001862/Documents/GitHub/JessiesGirl/JessiesGirl/Intermediate/Shaders/WorkingDirectory/35492/).
[2019.10.24-17.18.46:966][  0]LogShaderCompilers: Cleaned the shader compiler working directory 'C:/Users/u1001862/AppData/Local/Temp/UnrealShaderWorkingDir/EDF5D66D470B131673FE8E9F8DF1127A/'.
[2019.10.24-17.18.46:968][  0]LogXGEController: Cleaning working directory: C:/Users/u1001862/AppData/Local/Temp/UnrealXGEWorkingDir/
[2019.10.24-17.18.46:968][  0]LogXGEController: Cannot use XGE Controller as Incredibuild is not installed on this machine.
[2019.10.24-17.18.46:968][  0]LogShaderCompilers: Cannot use XGE Shader Compiler as Incredibuild is not installed on this machine.
[2019.10.24-17.18.46:968][  0]LogShaderCompilers: Display: Using Local Shader Compiler.
[2019.10.24-17.18.47:459][  0]LogDerivedDataCache: Display: Max Cache Size: 512 MB
[2019.10.24-17.18.47:513][  0]LogDerivedDataCache: Loaded boot cache 0.05s 71MB C:/Users/u1001862/AppData/Local/UnrealEngine/4.22/DerivedDataCache/Boot.ddc.
[2019.10.24-17.18.47:513][  0]LogDerivedDataCache: Display: Loaded Boot cache: C:/Users/u1001862/AppData/Local/UnrealEngine/4.22/DerivedDataCache/Boot.ddc
[2019.10.24-17.18.47:513][  0]LogDerivedDataCache: FDerivedDataBackendGraph:  Pak pak cache file ../../../../../../Users/u1001862/Documents/GitHub/JessiesGirl/JessiesGirl/DerivedDataCache/DDC.ddp not found, will not use a pak cache.
[2019.10.24-17.18.47:514][  0]LogDerivedDataCache: Unable to find inner node Pak for hierarchical cache Hierarchy.
[2019.10.24-17.18.47:514][  0]LogDerivedDataCache: FDerivedDataBackendGraph:  CompressedPak pak cache file ../../../../../../Users/u1001862/Documents/GitHub/JessiesGirl/JessiesGirl/DerivedDataCache/Compressed.ddp not found, will not use a pak cache.
[2019.10.24-17.18.47:514][  0]LogDerivedDataCache: Unable to find inner node CompressedPak for hierarchical cache Hierarchy.
[2019.10.24-17.18.47:525][  0]LogDerivedDataCache: Display: Pak cache opened for reading ../../../Engine/DerivedDataCache/Compressed.ddp.
[2019.10.24-17.18.47:525][  0]LogDerivedDataCache: FDerivedDataBackendGraph:  EnterprisePak pak cache file ../../../Enterprise/DerivedDataCache/Compressed.ddp not found, will not use a pak cache.
[2019.10.24-17.18.47:525][  0]LogDerivedDataCache: Unable to find inner node EnterprisePak for hierarchical cache Hierarchy.
[2019.10.24-17.18.47:537][  0]LogDerivedDataCache: Using Local data cache path C:/Users/u1001862/AppData/Local/UnrealEngine/Common/DerivedDataCache: Writable
[2019.10.24-17.18.47:537][  0]LogDerivedDataCache: Shared data cache path not found in *engine.ini, will not use an Shared cache.
[2019.10.24-17.18.47:537][  0]LogDerivedDataCache: Unable to find inner node Shared for hierarchical cache Hierarchy.
[2019.10.24-17.18.47:559][  0]LogMaterial: Verifying Global Shaders for PCD3D_SM5
[2019.10.24-17.18.47:560][  0]LogSlate: Using FreeType 2.6.0
[2019.10.24-17.18.47:561][  0]LogSlate: SlateFontServices - WITH_FREETYPE: 1, WITH_HARFBUZZ: 1
[2019.10.24-17.18.47:639][  0]LogAssetRegistry: FAssetRegistry took 0.0322 seconds to start up
[2019.10.24-17.18.47:941][  0]LogInit: Selected Device Profile: [Windows]
[2019.10.24-17.18.47:991][  0]LogMeshReduction: Using QuadricMeshReduction for automatic static mesh reduction
[2019.10.24-17.18.47:991][  0]LogMeshReduction: Using SimplygonMeshReduction for automatic skeletal mesh reduction
[2019.10.24-17.18.47:991][  0]LogMeshReduction: Using ProxyLODMeshReduction for automatic mesh merging
[2019.10.24-17.18.47:991][  0]LogMeshReduction: No distributed automatic mesh merging module available
[2019.10.24-17.18.47:991][  0]LogMeshMerging: No distributed automatic mesh merging module available
[2019.10.24-17.18.48:073][  0]LogNetVersion: JessiesGirl 1.0.0, NetCL: 5660361, EngineNetVer: 10, GameNetVer: 0 (Checksum: 2280906462)
[2019.10.24-17.18.48:455][  0]LogPackageLocalizationCache: Processed 10 localized package path(s) for 1 prioritized culture(s) in 0.037810 seconds
[2019.10.24-17.18.48:459][  0]LogUObjectArray: 42205 objects as part of root set at end of initial load.
[2019.10.24-17.18.48:459][  0]LogUObjectAllocator: 7325032 out of 0 bytes used by permanent object pool.
[2019.10.24-17.18.48:459][  0]LogUObjectArray: CloseDisregardForGC: 0/0 objects in disregard for GC pool
[2019.10.24-17.18.49:192][  0]LogTcpMessaging: Initializing TcpMessaging bridge
[2019.10.24-17.18.49:205][  0]LogUdpMessaging: Initializing bridge on interface 0.0.0.0:0 to multicast group 230.0.0.1:6666.
[2019.10.24-17.18.49:309][  0]SourceControl: Source control is disabled
[2019.10.24-17.18.49:309][  0]SourceControl: Source control is disabled
[2019.10.24-17.18.49:310][  0]SourceControl: Source control is disabled
[2019.10.24-17.18.49:311][  0]SourceControl: Source control is disabled
[2019.10.24-17.18.49:389][  0]LogAndroidPermission: UAndroidPermissionCallbackProxy::GetInstance
[2019.10.24-17.18.49:479][  0]LogOcInput: OculusInput pre-init called
[2019.10.24-17.18.50:064][  0]LogEngine: Initializing Engine...
[2019.10.24-17.18.50:064][  0]LogHMD: Failed to initialize OpenVR with code 110
[2019.10.24-17.18.50:065][  0]LogStats: UGameplayTagsManager::InitializeManager -  0.000 s
[2019.10.24-17.18.50:261][  0]LogInit: Initializing FReadOnlyCVARCache
[2019.10.24-17.18.50:275][  0]LogAIModule: Creating AISystem for world Untitled
[2019.10.24-17.18.50:315][  0]LogInit: XAudio2 using 'Realtek Digital Output (3- Realtek(R) Audio)' : 2 channels at 48 kHz using 16 bits per sample (channel mask 0x3)
[2019.10.24-17.18.50:364][  0]LogInit: FAudioDevice initialized.
[2019.10.24-17.18.50:364][  0]LogNetVersion: Set ProjectVersion to 1.0.0.0. Version Checksum will be recalculated on next use.
[2019.10.24-17.18.50:445][  0]LogDerivedDataCache: Saved boot cache 0.08s 71MB C:/Users/u1001862/AppData/Local/UnrealEngine/4.22/DerivedDataCache/Boot.ddc.
[2019.10.24-17.18.50:450][  0]LogInit: Texture streaming: Enabled
[2019.10.24-17.18.50:469][  0]LogEngineSessionManager: EngineSessionManager initialized
[2019.10.24-17.18.50:498][  0]LogInit: Transaction tracking system initialized
[2019.10.24-17.18.50:532][  0]BlueprintLog: New page: Editor Load
[2019.10.24-17.18.50:630][  0]LocalizationService: Localization service is disabled
[2019.10.24-17.18.50:895][  0]LogFileCache: Scanning file cache for directory 'C:/Users/u1001862/Documents/GitHub/JessiesGirl/JessiesGirl/Content/' took 0.02s
[2019.10.24-17.18.50:895][  0]LogCook: Display: Max memory allowance for cook 16384mb min free memory 0mb
[2019.10.24-17.18.50:895][  0]LogCook: Display: Mobile HDR setting 1
[2019.10.24-17.18.51:052][  0]SourceControl: Source control is disabled
[2019.10.24-17.18.51:052][  0]Cmd: MAP LOAD FILE="../../../../../../Users/u1001862/Documents/GitHub/JessiesGirl/JessiesGirl/Content/StarterContent/Maps/Minimal_Default.umap" TEMPLATE=0 SHOWPROGRESS=1 FEATURELEVEL=3
[2019.10.24-17.18.51:052][  0]LightingResults: New page: Lighting Build
[2019.10.24-17.18.51:055][  0]MapCheck: New page: Map Check
[2019.10.24-17.18.51:055][  0]LightingResults: New page: Lighting Build
[2019.10.24-17.18.51:077][  0]LogUObjectHash: Compacting FUObjectHashTables data took   1.30ms
[2019.10.24-17.18.51:713][  0]LogAIModule: Creating AISystem for world Minimal_Default
[2019.10.24-17.18.51:726][  0]LogEditorServer: Finished looking for orphan Actors (0.000 secs)
[2019.10.24-17.18.51:751][  0]LogUObjectHash: Compacting FUObjectHashTables data took   0.94ms
[2019.10.24-17.18.51:751][  0]Cmd: MAP CHECKDEP NOCLEARLOG
[2019.10.24-17.18.51:752][  0]MapCheck: Map check complete: 0 Error(s), 0 Warning(s), took 0.275ms to complete.
[2019.10.24-17.18.51:752][  0]LogFileHelpers: Loading map 'Minimal_Default' took 0.700
[2019.10.24-17.18.51:868][  0]LogSlate: Updating window title bar state: overlay mode, drag disabled, window buttons hidden, title bar hidden
[2019.10.24-17.18.51:874][  0]LogCollectionManager: Loaded 0 collections in 0.001573 seconds
[2019.10.24-17.18.51:890][  0]LogFileCache: Scanning file cache for directory 'C:/Users/u1001862/Documents/GitHub/JessiesGirl/JessiesGirl/Saved/Collections/' took 0.01s
[2019.10.24-17.18.51:890][  0]LogFileCache: Scanning file cache for directory 'C:/Users/u1001862/Documents/GitHub/JessiesGirl/JessiesGirl/Content/Developers/u1001862/Collections/' took 0.00s
[2019.10.24-17.18.51:890][  0]LogFileCache: Scanning file cache for directory 'C:/Users/u1001862/Documents/GitHub/JessiesGirl/JessiesGirl/Content/Collections/' took 0.00s
[2019.10.24-17.18.51:890][  0]LogCollectionManager: Rebuilt the GUID cache for 0 collections in 0.000000 seconds
[2019.10.24-17.18.51:897][  0]LogContentBrowser: Native class hierarchy populated in 0.0077 seconds. Added 2732 classes and 659 folders.
[2019.10.24-17.18.51:903][  0]LogContentBrowser: Native class hierarchy updated for 'WidgetCarousel' in 0.0002 seconds. Added 0 classes and 0 folders.
[2019.10.24-17.18.51:904][  0]LogPakFile: Registered encryption key '00000000000000000000000000000000': 0 pak files mounted, 0 remain pending
[2019.10.24-17.18.51:905][  0]LogPakFile: Registered encryption key '00000000000000000000000000000000': 0 pak files mounted, 0 remain pending
[2019.10.24-17.18.51:905][  0]LogPakFile: Registered encryption key '00000000000000000000000000000000': 0 pak files mounted, 0 remain pending
[2019.10.24-17.18.51:906][  0]LogPakFile: Registered encryption key '00000000000000000000000000000000': 0 pak files mounted, 0 remain pending
[2019.10.24-17.18.51:906][  0]LogPakFile: Registered encryption key '00000000000000000000000000000000': 0 pak files mounted, 0 remain pending
[2019.10.24-17.18.51:906][  0]LogPakFile: Registered encryption key '00000000000000000000000000000000': 0 pak files mounted, 0 remain pending
[2019.10.24-17.18.51:907][  0]LogPakFile: Registered encryption key '00000000000000000000000000000000': 0 pak files mounted, 0 remain pending
[2019.10.24-17.18.51:907][  0]LogPakFile: Registered encryption key '00000000000000000000000000000000': 0 pak files mounted, 0 remain pending
[2019.10.24-17.18.51:908][  0]LogPakFile: Registered encryption key '00000000000000000000000000000000': 0 pak files mounted, 0 remain pending
[2019.10.24-17.18.51:908][  0]LogPakFile: Registered encryption key '00000000000000000000000000000000': 0 pak files mounted, 0 remain pending
[2019.10.24-17.18.51:908][  0]LogPakFile: Registered encryption key '00000000000000000000000000000000': 0 pak files mounted, 0 remain pending
[2019.10.24-17.18.51:909][  0]LogPakFile: Registered encryption key '00000000000000000000000000000000': 0 pak files mounted, 0 remain pending
[2019.10.24-17.18.51:909][  0]LogPakFile: Registered encryption key '00000000000000000000000000000000': 0 pak files mounted, 0 remain pending
[2019.10.24-17.18.51:910][  0]LogPakFile: Registered encryption key '00000000000000000000000000000000': 0 pak files mounted, 0 remain pending
[2019.10.24-17.18.51:910][  0]LogPakFile: Registered encryption key '00000000000000000000000000000000': 0 pak files mounted, 0 remain pending
[2019.10.24-17.18.51:910][  0]LogPakFile: Registered encryption key '00000000000000000000000000000000': 0 pak files mounted, 0 remain pending
[2019.10.24-17.18.51:911][  0]LogPakFile: Registered encryption key '00000000000000000000000000000000': 0 pak files mounted, 0 remain pending
[2019.10.24-17.18.51:911][  0]LogPakFile: Registered encryption key '00000000000000000000000000000000': 0 pak files mounted, 0 remain pending
[2019.10.24-17.18.51:912][  0]LogPakFile: Registered encryption key '00000000000000000000000000000000': 0 pak files mounted, 0 remain pending
[2019.10.24-17.18.51:912][  0]LogPakFile: Registered encryption key '00000000000000000000000000000000': 0 pak files mounted, 0 remain pending
[2019.10.24-17.18.51:913][  0]LogPakFile: Registered encryption key '00000000000000000000000000000000': 0 pak files mounted, 0 remain pending
[2019.10.24-17.18.51:913][  0]LogPakFile: Registered encryption key '00000000000000000000000000000000': 0 pak files mounted, 0 remain pending
[2019.10.24-17.18.51:913][  0]LogPakFile: Registered encryption key '00000000000000000000000000000000': 0 pak files mounted, 0 remain pending
[2019.10.24-17.18.51:914][  0]LogPakFile: Registered encryption key '00000000000000000000000000000000': 0 pak files mounted, 0 remain pending
[2019.10.24-17.18.51:914][  0]LogPakFile: Registered encryption key '00000000000000000000000000000000': 0 pak files mounted, 0 remain pending
[2019.10.24-17.18.51:915][  0]LogPakFile: Registered encryption key '00000000000000000000000000000000': 0 pak files mounted, 0 remain pending
[2019.10.24-17.18.51:940][  0]LogContentBrowser: Native class hierarchy updated for 'AddContentDialog' in 0.0003 seconds. Added 0 classes and 0 folders.
[2019.10.24-17.18.51:945][  0]LogContentBrowser: Native class hierarchy updated for 'SceneOutliner' in 0.0003 seconds. Added 1 classes and 2 folders.
[2019.10.24-17.18.51:958][  0]LogSlate: Took 0.000142 seconds to synchronously load lazily loaded font '../../../Engine/Content/Slate/Fonts/Roboto-Regular.ttf' (155K)
[2019.10.24-17.18.51:960][  0]LogSlate: Took 0.000235 seconds to synchronously load lazily loaded font '../../../Engine/Content/Slate/Fonts/Roboto-Bold.ttf' (160K)
[2019.10.24-17.18.51:965][  0]LogSlate: Took 0.000171 seconds to synchronously load lazily loaded font '../../../Engine/Content/Editor/Slate/Fonts/FontAwesome.ttf' (139K)
[2019.10.24-17.18.52:018][  0]LogRenderer: Reallocating scene render targets to support 1208x572 Format 10 NumSamples 1 (Frame:1).
[2019.10.24-17.18.52:165][  0]LogContentBrowser: Native class hierarchy updated for 'HierarchicalLODOutliner' in 0.0002 seconds. Added 0 classes and 0 folders.
[2019.10.24-17.18.52:165][  0]LogLoad: (Engine Initialization) Total time: 8.07 seconds
[2019.10.24-17.18.52:165][  0]LogLoad: (Engine Initialization) Total Blueprint compile time: 0.00 seconds
[2019.10.24-17.18.52:204][  0]LogAssetRegistry: Asset discovery search completed in 4.5885 seconds
[2019.10.24-17.18.52:206][  0]LogCollectionManager: Rebuilt the object cache for 0 collections in 0.000000 seconds (found 0 objects)
[2019.10.24-17.18.52:206][  0]LogCollectionManager: Fixed up redirectors for 0 collections in 0.000032 seconds (updated 0 objects)
[2019.10.24-17.18.52:208][  0]LogContentStreaming: Texture pool size now 1000 MB
[2019.10.24-17.18.52:251][  0]LogSlate: Took 0.000123 seconds to synchronously load lazily loaded font '../../../Engine/Content/Slate/Fonts/Roboto-Light.ttf' (167K)
[2019.10.24-17.19.09:994][827]LogEditorViewport: Clicking on Actor (LMB): StaticMeshActor (Bar_Jessie_sGirl_RJS2)
[2019.10.24-17.19.12:690][ 82]LogSlate: FSceneViewport::OnFocusLost() reason 2
[2019.10.24-17.19.12:703][ 82]LogSlate: Took 0.000262 seconds to synchronously load lazily loaded font '../../../Engine/Content/Slate/Fonts/Roboto-Light.ttf' (167K)
[2019.10.24-17.19.20:440][874]LogSlate: FSceneViewport::OnFocusLost() reason 2
[2019.10.24-17.19.32:608][189]LogSlate: FSceneViewport::OnFocusLost() reason 2
[2019.10.24-17.19.40:737][ 17]LogSlate: FSceneViewport::OnFocusLost() reason 2
[2019.10.24-17.19.48:592][923]LogContentBrowser: Native class hierarchy updated for 'WorldBrowser' in 0.0003 seconds. Added 2 classes and 3 folders.
[2019.10.24-17.20.09:752][108]LogLinker: Warning: Can't find file '/Game/Scene/ShotScene_BuiltData'
[2019.10.24-17.20.09:752][108]LogLinker: Warning: Can't find file for asset '/Game/Scene/ShotScene_BuiltData' while loading NULL.
[2019.10.24-17.20.09:756][108]LogLinker: Warning: Can't find file '/Game/Scene/ShotScene_BuiltData'
[2019.10.24-17.20.09:756][108]LogLinker: Warning: Can't find file for asset '/Game/Scene/ShotScene_BuiltData' while loading NULL.
[2019.10.24-17.20.09:758][108]LogLinker: Warning: Can't find file '/Game/Scene/ShotScene_BuiltData'
[2019.10.24-17.20.09:758][108]LogLinker: Warning: Can't find file for asset '/Game/Scene/ShotScene_BuiltData' while loading NULL.
[2019.10.24-17.20.09:758][108]LogLinker: Warning: Can't find file '/Game/Scene/ShotScene_BuiltData'
[2019.10.24-17.20.09:759][108]LogLinker: Warning: Can't find file for asset '/Game/Scene/ShotScene_BuiltData' while loading NULL.
[2019.10.24-17.20.09:781][108]LogLinker: Warning: Can't find file '/Game/Scene/ShotScene_BuiltData'
[2019.10.24-17.20.09:781][108]LoadErrors: Failed to load /Game/Scene/ShotScene_BuiltData.ShotScene_BuiltData Referenced by PersistentLevel
[2019.10.24-17.20.09:781][108]LogLinker: Warning: Can't find file for asset '/Game/Scene/ShotScene_BuiltData' while loading NULL.
[2019.10.24-17.20.09:799][108]LogAIModule: Creating AISystem for world ShotScene
[2019.10.24-17.20.09:819][108]LogAssetEditorManager: Opening Asset editor for World /Game/Scene/ShotScene.ShotScene
[2019.10.24-17.20.09:842][108]LogUObjectHash: Compacting FUObjectHashTables data took   1.19ms
[2019.10.24-17.20.11:353][108]LogSlate: Window 'Save Content' being destroyed
[2019.10.24-17.20.11:382][108]LogUObjectHash: Compacting FUObjectHashTables data took   0.52ms
[2019.10.24-17.20.11:623][108]LogSavePackage: Moving '../../../../../../Users/u1001862/Documents/GitHub/JessiesGirl/JessiesGirl/Saved/Minimal_Default503B56D84ED3882539B3F890305D0CA3.tmp' to '../../../../../../Users/u1001862/Documents/GitHub/JessiesGirl/JessiesGirl/Content/StarterContent/Maps/Minimal_Default.umap'
[2019.10.24-17.20.11:661][108]LogFileHelpers: Saving map 'Minimal_Default' took 0.302
[2019.10.24-17.20.11:662][108]Cmd: MAP LOAD FILE="../../../../../../Users/u1001862/Documents/GitHub/JessiesGirl/JessiesGirl/Content/Scene/ShotScene.umap" TEMPLATE=0 SHOWPROGRESS=1 FEATURELEVEL=3
[2019.10.24-17.20.11:663][108]LightingResults: New page: Lighting Build
[2019.10.24-17.20.11:663][108]LoadErrors: New page: Loading map: ShotScene.umap
[2019.10.24-17.20.11:666][108]MapCheck: New page: Map Check
[2019.10.24-17.20.11:666][108]LightingResults: New page: Lighting Build
[2019.10.24-17.20.11:689][108]LogUObjectHash: Compacting FUObjectHashTables data took   1.64ms
[2019.10.24-17.20.11:697][108]LogEditorServer: Finished looking for orphan Actors (0.000 secs)
[2019.10.24-17.20.11:720][108]LogUObjectHash: Compacting FUObjectHashTables data took   0.90ms
[2019.10.24-17.20.11:754][108]Cmd: MAP CHECKDEP NOCLEARLOG
[2019.10.24-17.20.11:754][108]MapCheck: Map check complete: 0 Error(s), 0 Warning(s), took 0.12ms to complete.
[2019.10.24-17.20.11:754][108]LogFileHelpers: Loading map 'ShotScene' took 0.092
[2019.10.24-17.20.11:847][108]LogAIModule: Creating AISystem for world Minimal_Default
[2019.10.24-17.20.14:025][273]LogSlate: FSceneViewport::OnFocusLost() reason 2
[2019.10.24-17.20.21:025][852]LogSlate: FSceneViewport::OnFocusLost() reason 2
[2019.10.24-17.20.31:013][763]LogSlate: FSceneViewport::OnFocusLost() reason 2
[2019.10.24-17.20.37:707][462]Cmd: CAMERA ALIGN ACTIVEVIEWPORTONLY
[2019.10.24-17.20.42:485][828]LogSlate: FSceneViewport::OnFocusLost() reason 2
[2019.10.24-17.20.47:264][263]LogEditorViewport: Clicking on Actor (LMB): SkeletalMeshActor (DiscoBall)
[2019.10.24-17.20.48:783][381]LogSlate: FSceneViewport::OnFocusLost() reason 0
[2019.10.24-17.20.56:000][914]LogSlate: FSceneViewport::OnFocusLost() reason 2
[2019.10.24-17.20.57:726][ 37]LogSlate: FSceneViewport::OnFocusLost() reason 2
[2019.10.24-17.21.06:676][721]LogTemp: Repeating last play command: New Editor Window (PIE)
[2019.10.24-17.21.06:693][721]LogBlueprintUserMessages: Early PlayInEditor Detection: Level '/Game/Scene/ShotScene.ShotScene:PersistentLevel' has LevelScriptBlueprint '/Game/Scene/ShotScene.ShotScene:PersistentLevel.ShotScene' with GeneratedClass '/Game/Scene/ShotScene.ShotScene_C' with ClassGeneratedBy '/Game/Scene/ShotScene.ShotScene:PersistentLevel.ShotScene'
[2019.10.24-17.21.06:693][721]LogPlayLevel: PlayLevel: No blueprints needed recompiling
[2019.10.24-17.21.06:693][721]PIE: New page: PIE session: ShotScene (Oct 24, 2019, 5:21:06 AM)
[2019.10.24-17.21.06:707][721]LogPlayLevel: Creating play world package: /Game/Scene/UEDPIE_0_ShotScene
[2019.10.24-17.21.06:736][721]LogPlayLevel: PIE: StaticDuplicateObject took: (0.029453s)
[2019.10.24-17.21.06:736][721]LogAIModule: Creating AISystem for world ShotScene
[2019.10.24-17.21.06:737][721]LogPlayLevel: PIE: World Init took: (0.000891s)
[2019.10.24-17.21.06:737][721]LogPlayLevel: PIE: Created PIE world by copying editor world from /Game/Scene/ShotScene.ShotScene to /Game/Scene/UEDPIE_0_ShotScene.ShotScene (0.030710s)
[2019.10.24-17.21.06:759][721]LogUObjectHash: Compacting FUObjectHashTables data took   1.29ms
[2019.10.24-17.21.06:766][721]LogInit: XAudio2 using 'Realtek Digital Output (3- Realtek(R) Audio)' : 2 channels at 48 kHz using 16 bits per sample (channel mask 0x3)
[2019.10.24-17.21.06:783][721]LogInit: FAudioDevice initialized.
[2019.10.24-17.21.06:790][721]LogSlate: Updating window title bar state: overlay mode, drag disabled, window buttons hidden, title bar hidden
[2019.10.24-17.21.06:834][721]LogLoad: Game class is 'GameModeBase'
[2019.10.24-17.21.06:839][721]LogWorld: Bringing World /Game/Scene/UEDPIE_0_ShotScene.ShotScene up for play (max tick rate 0) at 2019.10.24-11.21.06
[2019.10.24-17.21.06:958][721]LogAnimationCompression: Building Anim DDC data for AnimSequence /Game/Assets/Animations/Bartender/Bartender_Idle.Bartender_Idle
[2019.10.24-17.21.06:958][721]LogAnimationCompression: Recompressing (AnimSequence /Game/Assets/Animations/Bartender/Bartender_Idle.Bartender_Idle) using current/default (AnimCompress_BitwiseCompressOnly_0) bFirstRecompressUsingCurrentOrDefault(1) bTryAlternateCompressor(0) IsCompressedDataValid(0)
[2019.10.24-17.21.06:962][721]LogAnimationCompression: Building Anim DDC data for AnimSequence /Game/Assets/Animations/Jesse/Jesse_Idle.Jesse_Idle
[2019.10.24-17.21.06:962][721]LogAnimationCompression: Recompressing (AnimSequence /Game/Assets/Animations/Jesse/Jesse_Idle.Jesse_Idle) using current/default (AnimCompress_BitwiseCompressOnly_0) bFirstRecompressUsingCurrentOrDefault(1) bTryAlternateCompressor(0) IsCompressedDataValid(0)
[2019.10.24-17.21.06:966][721]LogAnimationCompression: Building Anim DDC data for AnimSequence /Game/Assets/Animations/Jesse/Jesse_WalkingInPlace.Jesse_WalkingInPlace
[2019.10.24-17.21.06:967][721]LogAnimationCompression: Recompressing (AnimSequence /Game/Assets/Animations/Jesse/Jesse_WalkingInPlace.Jesse_WalkingInPlace) using current/default (AnimCompress_BitwiseCompressOnly_0) bFirstRecompressUsingCurrentOrDefault(1) bTryAlternateCompressor(0) IsCompressedDataValid(0)
[2019.10.24-17.21.06:968][721]LogAnimationCompression: Building Anim DDC data for AnimSequence /Game/Assets/Animations/Rosy/Rosy_Walking.Rosy_Walking
[2019.10.24-17.21.06:968][721]LogAnimationCompression: Recompressing (AnimSequence /Game/Assets/Animations/Rosy/Rosy_Walking.Rosy_Walking) using current/default (AnimCompress_BitwiseCompressOnly_0) bFirstRecompressUsingCurrentOrDefault(1) bTryAlternateCompressor(0) IsCompressedDataValid(0)
[2019.10.24-17.21.06:970][721]LogAnimationCompression: Building Anim DDC data for AnimSequence /Game/Assets/Animations/Rick/Rick_Idle.Rick_Idle
[2019.10.24-17.21.06:970][721]LogAnimationCompression: Recompressing (AnimSequence /Game/Assets/Animations/Rick/Rick_Idle.Rick_Idle) using current/default (AnimCompress_BitwiseCompressOnly_0) bFirstRecompressUsingCurrentOrDefault(1) bTryAlternateCompressor(0) IsCompressedDataValid(0)
[2019.10.24-17.21.06:974][721]LogAnimationCompression: Building Anim DDC data for AnimSequence /Game/Assets/Characters/Bartender/Bartending.Bartending
[2019.10.24-17.21.06:974][721]LogAnimationCompression: Recompressing (AnimSequence /Game/Assets/Characters/Bartender/Bartending.Bartending) using current/default (AnimCompress_BitwiseCompressOnly_1) bFirstRecompressUsingCurrentOrDefault(1) bTryAlternateCompressor(0) IsCompressedDataValid(0)
[2019.10.24-17.21.06:984][721]LogAnimationCompression: Building Anim DDC data for AnimSequence /Game/Assets/Animations/Jesse/Jesse_ListeningToMusic.Jesse_ListeningToMusic
[2019.10.24-17.21.06:984][721]LogAnimationCompression: Recompressing (AnimSequence /Game/Assets/Animations/Jesse/Jesse_ListeningToMusic.Jesse_ListeningToMusic) using current/default (AnimCompress_BitwiseCompressOnly_0) bFirstRecompressUsingCurrentOrDefault(1) bTryAlternateCompressor(0) IsCompressedDataValid(0)
[2019.10.24-17.21.06:987][721]LogAnimationCompression: Building Anim DDC data for AnimSequence /Game/Assets/Animations/Rick/Rick_WalkingInPlace.Rick_WalkingInPlace
[2019.10.24-17.21.06:987][721]LogAnimationCompression: Recompressing (AnimSequence /Game/Assets/Animations/Rick/Rick_WalkingInPlace.Rick_WalkingInPlace) using current/default (AnimCompress_BitwiseCompressOnly_0) bFirstRecompressUsingCurrentOrDefault(1) bTryAlternateCompressor(0) IsCompressedDataValid(0)
[2019.10.24-17.21.06:991][721]LogAnimationCompression: Building Anim DDC data for AnimSequence /Game/Assets/Characters/Goldie/Goldie_Idle.Goldie_Idle
[2019.10.24-17.21.06:991][721]LogAnimationCompression: Recompressing (AnimSequence /Game/Assets/Characters/Goldie/Goldie_Idle.Goldie_Idle) using current/default (AnimCompress_BitwiseCompressOnly_0) bFirstRecompressUsingCurrentOrDefault(1) bTryAlternateCompressor(0) IsCompressedDataValid(0)
[2019.10.24-17.21.07:003][721]LogAnimationCompression: Building Anim DDC data for AnimSequence /Game/Assets/Animations/Rick/Rick_DayDreaming.Rick_DayDreaming
[2019.10.24-17.21.07:003][721]LogAnimationCompression: Recompressing (AnimSequence /Game/Assets/Animations/Rick/Rick_DayDreaming.Rick_DayDreaming) using current/default (AnimCompress_BitwiseCompressOnly_0) bFirstRecompressUsingCurrentOrDefault(1) bTryAlternateCompressor(0) IsCompressedDataValid(0)
[2019.10.24-17.21.07:005][721]LogAnimationCompression: Building Anim DDC data for AnimSequence /Game/Assets/Animations/Rosy/Rosy_Idle.Rosy_Idle
[2019.10.24-17.21.07:005][721]LogAnimationCompression: Recompressing (AnimSequence /Game/Assets/Animations/Rosy/Rosy_Idle.Rosy_Idle) using current/default (AnimCompress_BitwiseCompressOnly_0) bFirstRecompressUsingCurrentOrDefault(1) bTryAlternateCompressor(0) IsCompressedDataValid(0)
[2019.10.24-17.21.07:018][721]LogWorld: Bringing up level for play took: 0.182935
[2019.10.24-17.21.07:036][721]LogContentBrowser: Native class hierarchy updated for 'MovieSceneCapture' in 0.0003 seconds. Added 20 classes and 0 folders.
[2019.10.24-17.21.07:039][721]PIE: Play in editor start time for /Game/Scene/UEDPIE_0_ShotScene 0.701
[2019.10.24-17.21.07:040][721]LogBlueprintUserMessages: Late PlayInEditor Detection: Level '/Game/Scene/ShotScene.ShotScene:PersistentLevel' has LevelScriptBlueprint '/Game/Scene/ShotScene.ShotScene:PersistentLevel.ShotScene' with GeneratedClass '/Game/Scene/ShotScene.ShotScene_C' with ClassGeneratedBy '/Game/Scene/ShotScene.ShotScene:PersistentLevel.ShotScene'
[2019.10.24-17.21.07:055][722]LogRenderer: Reallocating scene render targets to support 1912x1048 Format 10 NumSamples 1 (Frame:1).
[2019.10.24-17.21.30:975][546]LogSlate: FSceneViewport::OnFocusLost() reason 2
[2019.10.24-17.21.33:985][654]LogSlate: FSceneViewport::OnFocusLost() reason 0
[2019.10.24-17.21.34:066][659]LogBlueprintUserMessages: Early EndPlayMap Detection: Level '/Game/Scene/ShotScene.ShotScene:PersistentLevel' has LevelScriptBlueprint '/Game/Scene/ShotScene.ShotScene:PersistentLevel.ShotScene' with GeneratedClass '/Game/Scene/ShotScene.ShotScene_C' with ClassGeneratedBy '/Game/Scene/ShotScene.ShotScene:PersistentLevel.ShotScene'
[2019.10.24-17.21.34:067][659]LogSlate: Updating window title bar state: overlay mode, drag disabled, window buttons hidden, title bar hidden
[2019.10.24-17.21.34:083][659]LogSlate: Window 'JessiesGirl Game Preview Standalone (64-bit/PCD3D_SM5)' being destroyed
[2019.10.24-17.21.34:120][659]LogPlayLevel: Display: Shutting down PIE online subsystems
[2019.10.24-17.21.34:120][659]LogBlueprintUserMessages: Late EndPlayMap Detection: Level '/Game/Scene/ShotScene.ShotScene:PersistentLevel' has LevelScriptBlueprint '/Game/Scene/ShotScene.ShotScene:PersistentLevel.ShotScene' with GeneratedClass '/Game/Scene/ShotScene.ShotScene_C' with ClassGeneratedBy '/Game/Scene/ShotScene.ShotScene:PersistentLevel.ShotScene'
[2019.10.24-17.21.34:151][659]LogUObjectHash: Compacting FUObjectHashTables data took   1.68ms
[2019.10.24-17.21.34:180][661]LogPlayLevel: Display: Destroying online subsystem :Context_6
[2019.10.24-17.21.46:250][674]Cmd: TRANSACTION UNDO
[2019.10.24-17.21.46:251][674]LogEditorTransaction: Undo Edit Anim to Play
[2019.10.24-17.21.52:719][138]LogSlate: FSceneViewport::OnFocusLost() reason 2
[2019.10.24-17.22.14:574][ 37]LogEditorViewport: Clicking on Actor (LMB): SkeletalMeshActor (DiscoBall)
[2019.10.24-17.22.16:685][135]LogSlate: FSceneViewport::OnFocusLost() reason 2
[2019.10.24-17.22.20:464][431]LogTexture: Display: Building textures: T_ForgeHammer_01_N (BC5, 1024X1024)
[2019.10.24-17.22.20:464][431]LogTexture: Display: Building textures: T_ForgeHammer_01_D (AutoDXT, 1024X1024)
[2019.10.24-17.22.20:464][431]LogMaterial: Display: Missing cached shader map for material M_ForgeHammer_01, compiling. 
[2019.10.24-17.22.20:543][432]LogShaderCompilers: Display: Shaders left to compile 60
[2019.10.24-17.22.20:543][432]LogShaderCompilers: Display: Shaders left to compile 50
[2019.10.24-17.22.20:543][432]LogShaderCompilers: Display: Shaders left to compile 40
[2019.10.24-17.22.20:543][432]LogShaderCompilers: Display: Shaders left to compile 30
[2019.10.24-17.22.23:569][638]LogShaderCompilers: Display: Shaders left to compile 20
[2019.10.24-17.22.23:769][653]LogShaderCompilers: Display: Shaders left to compile 10
[2019.10.24-17.22.38:538][786]LogEditorViewport: Clicking on Actor (LMB): SkeletalMeshActor (DiscoBall)
[2019.10.24-17.22.51:451][718]LogSlate: FSceneViewport::OnFocusLost() reason 0
[2019.10.24-17.23.08:751][817]Cmd: POLY TEXSCALE  UU=0.083333 VV=0.083333
[2019.10.24-17.23.13:631][111]Cmd: POLY TEXSCALE  UU=0.500000 VV=0.500000
[2019.10.24-17.23.30:478][402]LogSlate: FSceneViewport::OnFocusLost() reason 2
[2019.10.24-17.23.30:516][402]LogUObjectHash: Compacting FUObjectHashTables data took   0.95ms
[2019.10.24-17.23.30:799][402]LogSavePackage: Moving '../../../../../../Users/u1001862/Documents/GitHub/JessiesGirl/JessiesGirl/Saved/ShotSceneDACFFCCC4FC9135F295926B368495309.tmp' to '../../../../../../Users/u1001862/Documents/GitHub/JessiesGirl/JessiesGirl/Content/Scene/ShotScene.umap'
